# JRE version: OpenJDK Runtime Environment (11.0.11+9) (build 11.0.11+9-b60-7590822)
# Java VM: OpenJDK 64-Bit Server VM (11.0.11+9-b60-7590822, mixed mode, tiered, compressed oops, g1 gc, windows-amd64)
Heap:
 garbage-first heap   total 200704K, used 34258K [0x0000000080000000, 0x0000000100000000)
  region size 1024K, 4 young (4096K), 4 survivors (4096K)
 Metaspace       used 48989K, capacity 50186K, committed 50304K, reserved 1093632K
  class space    used 6243K, capacity 6684K, committed 6784K, reserved 1048576K
GC Heap History (20 events):
Event: 6.612 GC heap after
{Heap after GC invocations=19 (full 0):
 garbage-first heap   total 114688K, used 33521K [0x0000000080000000, 0x0000000100000000)
  region size 1024K, 4 young (4096K), 4 survivors (4096K)
 Metaspace       used 48892K, capacity 50058K, committed 50304K, reserved 1093632K
  class space    used 6240K, capacity 6684K, committed 6784K, reserved 1048576K
}
Event: 6.800 GC heap before
{Heap before GC invocations=19 (full 0):
 garbage-first heap   total 114688K, used 87793K [0x0000000080000000, 0x0000000100000000)
  region size 1024K, 57 young (58368K), 4 survivors (4096K)
 Metaspace       used 48921K, capacity 50122K, committed 50304K, reserved 1093632K
  class space    used 6241K, capacity 6684K, committed 6784K, reserved 1048576K
}
Event: 6.806 GC heap after
{Heap after GC invocations=20 (full 0):
 garbage-first heap   total 114688K, used 33342K [0x0000000080000000, 0x0000000100000000)
  region size 1024K, 4 young (4096K), 4 survivors (4096K)
 Metaspace       used 48921K, capacity 50122K, committed 50304K, reserved 1093632K
  class space    used 6241K, capacity 6684K, committed 6784K, reserved 1048576K
}
Event: 6.959 GC heap before
{Heap before GC invocations=20 (full 0):
 garbage-first heap   total 114688K, used 89662K [0x0000000080000000, 0x0000000100000000)
  region size 1024K, 60 young (61440K), 4 survivors (4096K)
 Metaspace       used 48934K, capacity 50122K, committed 50304K, reserved 1093632K
  class space    used 6241K, capacity 6684K, committed 6784K, reserved 1048576K
}
Event: 6.965 GC heap after
{Heap after GC invocations=21 (full 0):
 garbage-first heap   total 138240K, used 33826K [0x0000000080000000, 0x0000000100000000)
  region size 1024K, 4 young (4096K), 4 survivors (4096K)
 Metaspace       used 48934K, capacity 50122K, committed 50304K, reserved 1093632K
  class space    used 6241K, capacity 6684K, committed 6784K, reserved 1048576K
}
Event: 7.245 GC heap before
{Heap before GC invocations=21 (full 0):
 garbage-first heap   total 138240K, used 100386K [0x0000000080000000, 0x0000000100000000)
  region size 1024K, 70 young (71680K), 4 survivors (4096K)
 Metaspace       used 48966K, capacity 50186K, committed 50304K, reserved 1093632K
  class space    used 6243K, capacity 6684K, committed 6784K, reserved 1048576K
}
Event: 7.249 GC heap after
{Heap after GC invocations=22 (full 0):
 garbage-first heap   total 138240K, used 34661K [0x0000000080000000, 0x0000000100000000)
  region size 1024K, 5 young (5120K), 5 survivors (5120K)
 Metaspace       used 48966K, capacity 50186K, committed 50304K, reserved 1093632K
  class space    used 6243K, capacity 6684K, committed 6784K, reserved 1048576K
}
Event: 7.396 GC heap before
{Heap before GC invocations=22 (full 0):
 garbage-first heap   total 138240K, used 104293K [0x0000000080000000, 0x0000000100000000)
  region size 1024K, 75 young (76800K), 5 survivors (5120K)
 Metaspace       used 48967K, capacity 50186K, committed 50304K, reserved 1093632K
  class space    used 6243K, capacity 6684K, committed 6784K, reserved 1048576K
}
Event: 7.401 GC heap after
{Heap after GC invocations=23 (full 0):
 garbage-first heap   total 138240K, used 34908K [0x0000000080000000, 0x0000000100000000)
  region size 1024K, 5 young (5120K), 5 survivors (5120K)
 Metaspace       used 48967K, capacity 50186K, committed 50304K, reserved 1093632K
  class space    used 6243K, capacity 6684K, committed 6784K, reserved 1048576K
}
Event: 7.641 GC heap before
{Heap before GC invocations=23 (full 0):
 garbage-first heap   total 138240K, used 108636K [0x0000000080000000, 0x0000000100000000)
  region size 1024K, 77 young (78848K), 5 survivors (5120K)
 Metaspace       used 48967K, capacity 50186K, committed 50304K, reserved 1093632K
  class space    used 6243K, capacity 6684K, committed 6784K, reserved 1048576K
}
Event: 7.648 GC heap after
{Heap after GC invocations=24 (full 0):
 garbage-first heap   total 138240K, used 34939K [0x0000000080000000, 0x0000000100000000)
  region size 1024K, 5 young (5120K), 5 survivors (5120K)
 Metaspace       used 48967K, capacity 50186K, committed 50304K, reserved 1093632K
  class space    used 6243K, capacity 6684K, committed 6784K, reserved 1048576K
}
Event: 7.883 GC heap before
{Heap before GC invocations=24 (full 0):
 garbage-first heap   total 138240K, used 109691K [0x0000000080000000, 0x0000000100000000)
  region size 1024K, 78 young (79872K), 5 survivors (5120K)
 Metaspace       used 48967K, capacity 50186K, committed 50304K, reserved 1093632K
  class space    used 6243K, capacity 6684K, committed 6784K, reserved 1048576K
}
Event: 7.891 GC heap after
{Heap after GC invocations=25 (full 0):
 garbage-first heap   total 165888K, used 35774K [0x0000000080000000, 0x0000000100000000)
  region size 1024K, 6 young (6144K), 6 survivors (6144K)
 Metaspace       used 48967K, capacity 50186K, committed 50304K, reserved 1093632K
  class space    used 6243K, capacity 6684K, committed 6784K, reserved 1048576K
}
Event: 8.132 GC heap before
{Heap before GC invocations=25 (full 0):
 garbage-first heap   total 165888K, used 117694K [0x0000000080000000, 0x0000000100000000)
  region size 1024K, 87 young (89088K), 6 survivors (6144K)
 Metaspace       used 48967K, capacity 50186K, committed 50304K, reserved 1093632K
  class space    used 6243K, capacity 6684K, committed 6784K, reserved 1048576K
}
Event: 8.138 GC heap after
{Heap after GC invocations=26 (full 0):
 garbage-first heap   total 165888K, used 36865K [0x0000000080000000, 0x0000000100000000)
  region size 1024K, 7 young (7168K), 7 survivors (7168K)
 Metaspace       used 48967K, capacity 50186K, committed 50304K, reserved 1093632K
  class space    used 6243K, capacity 6684K, committed 6784K, reserved 1048576K
}
Event: 8.548 GC heap before
{Heap before GC invocations=26 (full 0):
 garbage-first heap   total 165888K, used 124929K [0x0000000080000000, 0x0000000100000000)
  region size 1024K, 93 young (95232K), 7 survivors (7168K)
 Metaspace       used 48977K, capacity 50186K, committed 50304K, reserved 1093632K
  class space    used 6243K, capacity 6684K, committed 6784K, reserved 1048576K
}
Event: 8.555 GC heap after
{Heap after GC invocations=27 (full 0):
 garbage-first heap   total 165888K, used 35679K [0x0000000080000000, 0x0000000100000000)
  region size 1024K, 5 young (5120K), 5 survivors (5120K)
 Metaspace       used 48977K, capacity 50186K, committed 50304K, reserved 1093632K
  class space    used 6243K, capacity 6684K, committed 6784K, reserved 1048576K
}
Event: 8.875 GC heap before
{Heap before GC invocations=27 (full 0):
 garbage-first heap   total 165888K, used 128863K [0x0000000080000000, 0x0000000100000000)
  region size 1024K, 97 young (99328K), 5 survivors (5120K)
 Metaspace       used 48988K, capacity 50186K, committed 50304K, reserved 1093632K
  class space    used 6243K, capacity 6684K, committed 6784K, reserved 1048576K
}
Event: 8.880 GC heap after
{Heap after GC invocations=28 (full 0):
 garbage-first heap   total 165888K, used 34908K [0x0000000080000000, 0x0000000100000000)
  region size 1024K, 5 young (5120K), 5 survivors (5120K)
 Metaspace       used 48988K, capacity 50186K, committed 50304K, reserved 1093632K
  class space    used 6243K, capacity 6684K, committed 6784K, reserved 1048576K
}
Event: 9.087 GC heap before
{Heap before GC invocations=28 (full 0):
 garbage-first heap   total 165888K, used 129116K [0x0000000080000000, 0x0000000100000000)
  region size 1024K, 97 young (99328K), 5 survivors (5120K)
 Metaspace       used 48989K, capacity 50186K, committed 50304K, reserved 1093632K
  class space    used 6243K, capacity 6684K, committed 6784K, reserved 1048576K
}

