# JRE version: OpenJDK Runtime Environment (11.0.11+9) (build 11.0.11+9-b60-7590822)
# Java VM: OpenJDK 64-Bit Server VM (11.0.11+9-b60-7590822, mixed mode, tiered, compressed oops, g1 gc, windows-amd64)
Heap:
 garbage-first heap   total 190464K, used 37108K [0x0000000080000000, 0x0000000100000000)
  region size 1024K, 5 young (5120K), 5 survivors (5120K)
 Metaspace       used 49032K, capacity 50159K, committed 50332K, reserved 1093632K
  class space    used 6247K, capacity 6696K, committed 6812K, reserved 1048576K
GC Heap History (20 events):
Event: 11.209 GC heap after
{Heap after GC invocations=22 (full 0):
 garbage-first heap   total 78848K, used 33644K [0x0000000080000000, 0x0000000100000000)
  region size 1024K, 2 young (2048K), 2 survivors (2048K)
 Metaspace       used 48975K, capacity 50159K, committed 50332K, reserved 1093632K
  class space    used 6247K, capacity 6696K, committed 6812K, reserved 1048576K
}
Event: 11.301 GC heap before
{Heap before GC invocations=22 (full 0):
 garbage-first heap   total 78848K, used 61292K [0x0000000080000000, 0x0000000100000000)
  region size 1024K, 29 young (29696K), 2 survivors (2048K)
 Metaspace       used 48985K, capacity 50159K, committed 50332K, reserved 1093632K
  class space    used 6247K, capacity 6696K, committed 6812K, reserved 1048576K
}
Event: 11.303 GC heap after
{Heap after GC invocations=23 (full 0):
 garbage-first heap   total 78848K, used 33937K [0x0000000080000000, 0x0000000100000000)
  region size 1024K, 2 young (2048K), 2 survivors (2048K)
 Metaspace       used 48985K, capacity 50159K, committed 50332K, reserved 1093632K
  class space    used 6247K, capacity 6696K, committed 6812K, reserved 1048576K
}
Event: 11.416 GC heap before
{Heap before GC invocations=23 (full 0):
 garbage-first heap   total 78848K, used 61585K [0x0000000080000000, 0x0000000100000000)
  region size 1024K, 30 young (30720K), 2 survivors (2048K)
 Metaspace       used 48998K, capacity 50159K, committed 50332K, reserved 1093632K
  class space    used 6247K, capacity 6696K, committed 6812K, reserved 1048576K
}
Event: 11.418 GC heap after
{Heap after GC invocations=24 (full 0):
 garbage-first heap   total 78848K, used 33978K [0x0000000080000000, 0x0000000100000000)
  region size 1024K, 2 young (2048K), 2 survivors (2048K)
 Metaspace       used 48998K, capacity 50159K, committed 50332K, reserved 1093632K
  class space    used 6247K, capacity 6696K, committed 6812K, reserved 1048576K
}
Event: 11.510 GC heap before
{Heap before GC invocations=24 (full 0):
 garbage-first heap   total 78848K, used 61626K [0x0000000080000000, 0x0000000100000000)
  region size 1024K, 31 young (31744K), 2 survivors (2048K)
 Metaspace       used 49001K, capacity 50159K, committed 50332K, reserved 1093632K
  class space    used 6247K, capacity 6696K, committed 6812K, reserved 1048576K
}
Event: 11.512 GC heap after
{Heap after GC invocations=25 (full 0):
 garbage-first heap   total 78848K, used 34161K [0x0000000080000000, 0x0000000100000000)
  region size 1024K, 2 young (2048K), 2 survivors (2048K)
 Metaspace       used 49001K, capacity 50159K, committed 50332K, reserved 1093632K
  class space    used 6247K, capacity 6696K, committed 6812K, reserved 1048576K
}
Event: 11.627 GC heap before
{Heap before GC invocations=25 (full 0):
 garbage-first heap   total 78848K, used 62833K [0x0000000080000000, 0x0000000100000000)
  region size 1024K, 31 young (31744K), 2 survivors (2048K)
 Metaspace       used 49010K, capacity 50159K, committed 50332K, reserved 1093632K
  class space    used 6247K, capacity 6696K, committed 6812K, reserved 1048576K
}
Event: 11.631 GC heap after
{Heap after GC invocations=26 (full 0):
 garbage-first heap   total 78848K, used 34562K [0x0000000080000000, 0x0000000100000000)
  region size 1024K, 3 young (3072K), 3 survivors (3072K)
 Metaspace       used 49010K, capacity 50159K, committed 50332K, reserved 1093632K
  class space    used 6247K, capacity 6696K, committed 6812K, reserved 1048576K
}
Event: 11.737 GC heap before
{Heap before GC invocations=26 (full 0):
 garbage-first heap   total 78848K, used 63234K [0x0000000080000000, 0x0000000100000000)
  region size 1024K, 33 young (33792K), 3 survivors (3072K)
 Metaspace       used 49012K, capacity 50159K, committed 50332K, reserved 1093632K
  class space    used 6247K, capacity 6696K, committed 6812K, reserved 1048576K
}
Event: 11.807 GC heap after
{Heap after GC invocations=27 (full 0):
 garbage-first heap   total 95232K, used 34667K [0x0000000080000000, 0x0000000100000000)
  region size 1024K, 3 young (3072K), 3 survivors (3072K)
 Metaspace       used 49012K, capacity 50159K, committed 50332K, reserved 1093632K
  class space    used 6247K, capacity 6696K, committed 6812K, reserved 1048576K
}
Event: 12.013 GC heap before
{Heap before GC invocations=27 (full 0):
 garbage-first heap   total 95232K, used 78699K [0x0000000080000000, 0x0000000100000000)
  region size 1024K, 47 young (48128K), 3 survivors (3072K)
 Metaspace       used 49021K, capacity 50159K, committed 50332K, reserved 1093632K
  class space    used 6247K, capacity 6696K, committed 6812K, reserved 1048576K
}
Event: 12.018 GC heap after
{Heap after GC invocations=28 (full 0):
 garbage-first heap   total 95232K, used 34444K [0x0000000080000000, 0x0000000100000000)
  region size 1024K, 2 young (2048K), 2 survivors (2048K)
 Metaspace       used 49021K, capacity 50159K, committed 50332K, reserved 1093632K
  class space    used 6247K, capacity 6696K, committed 6812K, reserved 1048576K
}
Event: 12.173 GC heap before
{Heap before GC invocations=28 (full 0):
 garbage-first heap   total 95232K, used 79500K [0x0000000080000000, 0x0000000100000000)
  region size 1024K, 47 young (48128K), 2 survivors (2048K)
 Metaspace       used 49023K, capacity 50159K, committed 50332K, reserved 1093632K
  class space    used 6247K, capacity 6696K, committed 6812K, reserved 1048576K
}
Event: 12.176 GC heap after
{Heap after GC invocations=29 (full 0):
 garbage-first heap   total 95232K, used 34750K [0x0000000080000000, 0x0000000100000000)
  region size 1024K, 3 young (3072K), 3 survivors (3072K)
 Metaspace       used 49023K, capacity 50159K, committed 50332K, reserved 1093632K
  class space    used 6247K, capacity 6696K, committed 6812K, reserved 1048576K
}
Event: 12.286 GC heap before
{Heap before GC invocations=29 (full 0):
 garbage-first heap   total 95232K, used 79806K [0x0000000080000000, 0x0000000100000000)
  region size 1024K, 47 young (48128K), 3 survivors (3072K)
 Metaspace       used 49025K, capacity 50159K, committed 50332K, reserved 1093632K
  class space    used 6247K, capacity 6696K, committed 6812K, reserved 1048576K
}
Event: 12.289 GC heap after
{Heap after GC invocations=30 (full 0):
 garbage-first heap   total 95232K, used 35183K [0x0000000080000000, 0x0000000100000000)
  region size 1024K, 3 young (3072K), 3 survivors (3072K)
 Metaspace       used 49025K, capacity 50159K, committed 50332K, reserved 1093632K
  class space    used 6247K, capacity 6696K, committed 6812K, reserved 1048576K
}
Event: 12.546 GC heap before
{Heap before GC invocations=30 (full 0):
 garbage-first heap   total 95232K, used 80239K [0x0000000080000000, 0x0000000100000000)
  region size 1024K, 47 young (48128K), 3 survivors (3072K)
 Metaspace       used 49028K, capacity 50159K, committed 50332K, reserved 1093632K
  class space    used 6247K, capacity 6696K, committed 6812K, reserved 1048576K
}
Event: 12.549 GC heap after
{Heap after GC invocations=31 (full 0):
 garbage-first heap   total 95232K, used 34943K [0x0000000080000000, 0x0000000100000000)
  region size 1024K, 3 young (3072K), 3 survivors (3072K)
 Metaspace       used 49028K, capacity 50159K, committed 50332K, reserved 1093632K
  class space    used 6247K, capacity 6696K, committed 6812K, reserved 1048576K
}
Event: 12.713 GC heap before
{Heap before GC invocations=31 (full 0):
 garbage-first heap   total 95232K, used 79999K [0x0000000080000000, 0x0000000100000000)
  region size 1024K, 47 young (48128K), 3 survivors (3072K)
 Metaspace       used 49032K, capacity 50159K, committed 50332K, reserved 1093632K
  class space    used 6247K, capacity 6696K, committed 6812K, reserved 1048576K
}

