# JRE version: OpenJDK Runtime Environment (11.0.11+9) (build 11.0.11+9-b60-7590822)
# Java VM: OpenJDK 64-Bit Server VM (11.0.11+9-b60-7590822, mixed mode, tiered, compressed oops, g1 gc, windows-amd64)
Heap:
 garbage-first heap   total 1122304K, used 202978K [0x0000000080000000, 0x0000000100000000)
  region size 1024K, 10 young (10240K), 10 survivors (10240K)
 Metaspace       used 123513K, capacity 126812K, committed 126916K, reserved 1159168K
  class space    used 15550K, capacity 16838K, committed 16920K, reserved 1048576K
GC Heap History (20 events):
Event: 105.214 GC heap after
{Heap after GC invocations=97 (full 0):
 garbage-first heap   total 232448K, used 173133K [0x0000000080000000, 0x0000000100000000)
  region size 1024K, 3 young (3072K), 3 survivors (3072K)
 Metaspace       used 123158K, capacity 126453K, committed 126660K, reserved 1159168K
  class space    used 15527K, capacity 16815K, committed 16920K, reserved 1048576K
}
Event: 105.314 GC heap before
{Heap before GC invocations=97 (full 0):
 garbage-first heap   total 232448K, used 200781K [0x0000000080000000, 0x0000000100000000)
  region size 1024K, 30 young (30720K), 3 survivors (3072K)
 Metaspace       used 123179K, capacity 126465K, committed 126660K, reserved 1159168K
  class space    used 15529K, capacity 16819K, committed 16920K, reserved 1048576K
}
Event: 105.318 GC heap after
{Heap after GC invocations=98 (full 0):
 garbage-first heap   total 232448K, used 172926K [0x0000000080000000, 0x0000000100000000)
  region size 1024K, 2 young (2048K), 2 survivors (2048K)
 Metaspace       used 123179K, capacity 126465K, committed 126660K, reserved 1159168K
  class space    used 15529K, capacity 16819K, committed 16920K, reserved 1048576K
}
Event: 105.414 GC heap before
{Heap before GC invocations=98 (full 0):
 garbage-first heap   total 232448K, used 201598K [0x0000000080000000, 0x0000000100000000)
  region size 1024K, 30 young (30720K), 2 survivors (2048K)
 Metaspace       used 123202K, capacity 126467K, committed 126660K, reserved 1159168K
  class space    used 15529K, capacity 16819K, committed 16920K, reserved 1048576K
}
Event: 105.420 GC heap after
{Heap after GC invocations=99 (full 0):
 garbage-first heap   total 280576K, used 173539K [0x0000000080000000, 0x0000000100000000)
  region size 1024K, 3 young (3072K), 3 survivors (3072K)
 Metaspace       used 123202K, capacity 126467K, committed 126660K, reserved 1159168K
  class space    used 15529K, capacity 16819K, committed 16920K, reserved 1048576K
}
Event: 105.801 GC heap before
{Heap before GC invocations=99 (full 0):
 garbage-first heap   total 280576K, used 218595K [0x0000000080000000, 0x0000000100000000)
  region size 1024K, 48 young (49152K), 3 survivors (3072K)
 Metaspace       used 123274K, capacity 126544K, committed 126660K, reserved 1159168K
  class space    used 15535K, capacity 16819K, committed 16920K, reserved 1048576K
}
Event: 105.816 GC heap after
{Heap after GC invocations=100 (full 0):
 garbage-first heap   total 280576K, used 175455K [0x0000000080000000, 0x0000000100000000)
  region size 1024K, 5 young (5120K), 5 survivors (5120K)
 Metaspace       used 123274K, capacity 126544K, committed 126660K, reserved 1159168K
  class space    used 15535K, capacity 16819K, committed 16920K, reserved 1048576K
}
Event: 105.997 GC heap before
{Heap before GC invocations=100 (full 0):
 garbage-first heap   total 280576K, used 221535K [0x0000000080000000, 0x0000000100000000)
  region size 1024K, 51 young (52224K), 5 survivors (5120K)
 Metaspace       used 123293K, capacity 126546K, committed 126660K, reserved 1159168K
  class space    used 15535K, capacity 16819K, committed 16920K, reserved 1048576K
}
Event: 106.010 GC heap after
{Heap after GC invocations=101 (full 0):
 garbage-first heap   total 280576K, used 180110K [0x0000000080000000, 0x0000000100000000)
  region size 1024K, 7 young (7168K), 7 survivors (7168K)
 Metaspace       used 123293K, capacity 126546K, committed 126660K, reserved 1159168K
  class space    used 15535K, capacity 16819K, committed 16920K, reserved 1048576K
}
Event: 106.092 GC heap before
{Heap before GC invocations=101 (full 0):
 garbage-first heap   total 280576K, used 227214K [0x0000000080000000, 0x0000000100000000)
  region size 1024K, 53 young (54272K), 7 survivors (7168K)
 Metaspace       used 123296K, capacity 126546K, committed 126660K, reserved 1159168K
  class space    used 15535K, capacity 16819K, committed 16920K, reserved 1048576K
}
Event: 106.107 GC heap after
{Heap after GC invocations=102 (full 0):
 garbage-first heap   total 280576K, used 184552K [0x0000000080000000, 0x0000000100000000)
  region size 1024K, 5 young (5120K), 5 survivors (5120K)
 Metaspace       used 123296K, capacity 126546K, committed 126660K, reserved 1159168K
  class space    used 15535K, capacity 16819K, committed 16920K, reserved 1048576K
}
Event: 106.199 GC heap before
{Heap before GC invocations=102 (full 0):
 garbage-first heap   total 280576K, used 230632K [0x0000000080000000, 0x0000000100000000)
  region size 1024K, 50 young (51200K), 5 survivors (5120K)
 Metaspace       used 123302K, capacity 126548K, committed 126660K, reserved 1159168K
  class space    used 15535K, capacity 16819K, committed 16920K, reserved 1048576K
}
Event: 106.339 GC heap after
{Heap after GC invocations=103 (full 0):
 garbage-first heap   total 472064K, used 186295K [0x0000000080000000, 0x0000000100000000)
  region size 1024K, 2 young (2048K), 2 survivors (2048K)
 Metaspace       used 123302K, capacity 126548K, committed 126660K, reserved 1159168K
  class space    used 15535K, capacity 16819K, committed 16920K, reserved 1048576K
}
Event: 107.134 GC heap before
{Heap before GC invocations=103 (full 0):
 garbage-first heap   total 472064K, used 302007K [0x0000000080000000, 0x0000000100000000)
  region size 1024K, 115 young (117760K), 2 survivors (2048K)
 Metaspace       used 123367K, capacity 126661K, committed 126916K, reserved 1159168K
  class space    used 15544K, capacity 16835K, committed 16920K, reserved 1048576K
}
Event: 107.149 GC heap after
{Heap after GC invocations=104 (full 0):
 garbage-first heap   total 472064K, used 188711K [0x0000000080000000, 0x0000000100000000)
  region size 1024K, 5 young (5120K), 5 survivors (5120K)
 Metaspace       used 123367K, capacity 126661K, committed 126916K, reserved 1159168K
  class space    used 15544K, capacity 16835K, committed 16920K, reserved 1048576K
}
Event: 108.309 GC heap before
{Heap before GC invocations=104 (full 0):
 garbage-first heap   total 472064K, used 317735K [0x0000000080000000, 0x0000000100000000)
  region size 1024K, 131 young (134144K), 5 survivors (5120K)
 Metaspace       used 123418K, capacity 126736K, committed 126916K, reserved 1159168K
  class space    used 15546K, capacity 16838K, committed 16920K, reserved 1048576K
}
Event: 108.432 GC heap after
{Heap after GC invocations=105 (full 0):
 garbage-first heap   total 472064K, used 194949K [0x0000000080000000, 0x0000000100000000)
  region size 1024K, 11 young (11264K), 11 survivors (11264K)
 Metaspace       used 123418K, capacity 126736K, committed 126916K, reserved 1159168K
  class space    used 15546K, capacity 16838K, committed 16920K, reserved 1048576K
}
Event: 109.735 GC heap before
{Heap before GC invocations=105 (full 0):
 garbage-first heap   total 472064K, used 355717K [0x0000000080000000, 0x0000000100000000)
  region size 1024K, 168 young (172032K), 11 survivors (11264K)
 Metaspace       used 123477K, capacity 126744K, committed 126916K, reserved 1159168K
  class space    used 15550K, capacity 16838K, committed 16920K, reserved 1048576K
}
Event: 109.899 GC heap after
{Heap after GC invocations=106 (full 0):
 garbage-first heap   total 472064K, used 200453K [0x0000000080000000, 0x0000000100000000)
  region size 1024K, 16 young (16384K), 16 survivors (16384K)
 Metaspace       used 123477K, capacity 126744K, committed 126916K, reserved 1159168K
  class space    used 15550K, capacity 16838K, committed 16920K, reserved 1048576K
}
Event: 110.533 GC heap before
{Heap before GC invocations=106 (full 0):
 garbage-first heap   total 472064K, used 292613K [0x0000000080000000, 0x0000000100000000)
  region size 1024K, 106 young (108544K), 16 survivors (16384K)
 Metaspace       used 123513K, capacity 126812K, committed 126916K, reserved 1159168K
  class space    used 15550K, capacity 16838K, committed 16920K, reserved 1048576K
}

