# JRE version: OpenJDK Runtime Environment (11.0.11+9) (build 11.0.11+9-b60-7590822)
# Java VM: OpenJDK 64-Bit Server VM (11.0.11+9-b60-7590822, mixed mode, tiered, compressed oops, g1 gc, windows-amd64)
Heap:
 garbage-first heap   total 146432K, used 108191K [0x0000000080000000, 0x0000000100000000)
  region size 1024K, 36 young (36864K), 2 survivors (2048K)
 Metaspace       used 86718K, capacity 88778K, committed 89216K, reserved 1126400K
  class space    used 11314K, capacity 12077K, committed 12160K, reserved 1048576K
GC Heap History (20 events):
Event: 37.367 GC heap before
{Heap before GC invocations=54 (full 0):
 garbage-first heap   total 95232K, used 73083K [0x0000000080000000, 0x0000000100000000)
  region size 1024K, 17 young (17408K), 2 survivors (2048K)
 Metaspace       used 71269K, capacity 72882K, committed 72960K, reserved 1112064K
  class space    used 9319K, capacity 9963K, committed 9984K, reserved 1048576K
}
Event: 37.383 GC heap after
{Heap after GC invocations=55 (full 0):
 garbage-first heap   total 95232K, used 58995K [0x0000000080000000, 0x0000000100000000)
  region size 1024K, 3 young (3072K), 3 survivors (3072K)
 Metaspace       used 71269K, capacity 72882K, committed 72960K, reserved 1112064K
  class space    used 9319K, capacity 9963K, committed 9984K, reserved 1048576K
}
Event: 37.785 GC heap before
{Heap before GC invocations=55 (full 0):
 garbage-first heap   total 95232K, used 74355K [0x0000000080000000, 0x0000000100000000)
  region size 1024K, 18 young (18432K), 3 survivors (3072K)
 Metaspace       used 72370K, capacity 74001K, committed 74240K, reserved 1114112K
  class space    used 9485K, capacity 10117K, committed 10240K, reserved 1048576K
}
Event: 37.792 GC heap after
{Heap after GC invocations=56 (full 0):
 garbage-first heap   total 95232K, used 60060K [0x0000000080000000, 0x0000000100000000)
  region size 1024K, 3 young (3072K), 3 survivors (3072K)
 Metaspace       used 72370K, capacity 74001K, committed 74240K, reserved 1114112K
  class space    used 9485K, capacity 10117K, committed 10240K, reserved 1048576K
}
Event: 38.566 GC heap before
{Heap before GC invocations=57 (full 0):
 garbage-first heap   total 95232K, used 75420K [0x0000000080000000, 0x0000000100000000)
  region size 1024K, 18 young (18432K), 3 survivors (3072K)
 Metaspace       used 74105K, capacity 75784K, committed 76032K, reserved 1114112K
  class space    used 9752K, capacity 10411K, committed 10496K, reserved 1048576K
}
Event: 38.573 GC heap after
{Heap after GC invocations=58 (full 0):
 garbage-first heap   total 114688K, used 60309K [0x0000000080000000, 0x0000000100000000)
  region size 1024K, 2 young (2048K), 2 survivors (2048K)
 Metaspace       used 74105K, capacity 75784K, committed 76032K, reserved 1114112K
  class space    used 9752K, capacity 10411K, committed 10496K, reserved 1048576K
}
Event: 39.918 GC heap before
{Heap before GC invocations=58 (full 0):
 garbage-first heap   total 114688K, used 84885K [0x0000000080000000, 0x0000000100000000)
  region size 1024K, 26 young (26624K), 2 survivors (2048K)
 Metaspace       used 77221K, capacity 79028K, committed 79232K, reserved 1118208K
  class space    used 10173K, capacity 10858K, committed 10880K, reserved 1048576K
}
Event: 39.933 GC heap after
{Heap after GC invocations=59 (full 0):
 garbage-first heap   total 114688K, used 61950K [0x0000000080000000, 0x0000000100000000)
  region size 1024K, 3 young (3072K), 3 survivors (3072K)
 Metaspace       used 77221K, capacity 79028K, committed 79232K, reserved 1118208K
  class space    used 10173K, capacity 10858K, committed 10880K, reserved 1048576K
}
Event: 41.374 GC heap before
{Heap before GC invocations=60 (full 0):
 garbage-first heap   total 114688K, used 86526K [0x0000000080000000, 0x0000000100000000)
  region size 1024K, 27 young (27648K), 3 survivors (3072K)
 Metaspace       used 79158K, capacity 81089K, committed 81408K, reserved 1120256K
  class space    used 10428K, capacity 11155K, committed 11264K, reserved 1048576K
}
Event: 41.404 GC heap after
{Heap after GC invocations=61 (full 0):
 garbage-first heap   total 114688K, used 64170K [0x0000000080000000, 0x0000000100000000)
  region size 1024K, 4 young (4096K), 4 survivors (4096K)
 Metaspace       used 79158K, capacity 81089K, committed 81408K, reserved 1120256K
  class space    used 10428K, capacity 11155K, committed 11264K, reserved 1048576K
}
Event: 43.313 GC heap before
{Heap before GC invocations=61 (full 0):
 garbage-first heap   total 114688K, used 87722K [0x0000000080000000, 0x0000000100000000)
  region size 1024K, 28 young (28672K), 4 survivors (4096K)
 Metaspace       used 80885K, capacity 82922K, committed 82944K, reserved 1120256K
  class space    used 10721K, capacity 11511K, committed 11520K, reserved 1048576K
}
Event: 43.339 GC heap after
{Heap after GC invocations=62 (full 0):
 garbage-first heap   total 114688K, used 65937K [0x0000000080000000, 0x0000000100000000)
  region size 1024K, 2 young (2048K), 2 survivors (2048K)
 Metaspace       used 80885K, capacity 82922K, committed 82944K, reserved 1120256K
  class space    used 10721K, capacity 11511K, committed 11520K, reserved 1048576K
}
Event: 45.362 GC heap before
{Heap before GC invocations=63 (full 0):
 garbage-first heap   total 114688K, used 89489K [0x0000000080000000, 0x0000000100000000)
  region size 1024K, 26 young (26624K), 2 survivors (2048K)
 Metaspace       used 81294K, capacity 83431K, committed 83584K, reserved 1122304K
  class space    used 10770K, capacity 11593K, committed 11648K, reserved 1048576K
}
Event: 45.387 GC heap after
{Heap after GC invocations=64 (full 0):
 garbage-first heap   total 146432K, used 67508K [0x0000000080000000, 0x0000000100000000)
  region size 1024K, 4 young (4096K), 4 survivors (4096K)
 Metaspace       used 81294K, capacity 83431K, committed 83584K, reserved 1122304K
  class space    used 10770K, capacity 11593K, committed 11648K, reserved 1048576K
}
Event: 47.733 GC heap before
{Heap before GC invocations=64 (full 0):
 garbage-first heap   total 146432K, used 102324K [0x0000000080000000, 0x0000000100000000)
  region size 1024K, 39 young (39936K), 4 survivors (4096K)
 Metaspace       used 81644K, capacity 83817K, committed 84096K, reserved 1122304K
  class space    used 10777K, capacity 11602K, committed 11648K, reserved 1048576K
}
Event: 47.744 GC heap after
{Heap after GC invocations=65 (full 0):
 garbage-first heap   total 146432K, used 69430K [0x0000000080000000, 0x0000000100000000)
  region size 1024K, 4 young (4096K), 4 survivors (4096K)
 Metaspace       used 81644K, capacity 83817K, committed 84096K, reserved 1122304K
  class space    used 10777K, capacity 11602K, committed 11648K, reserved 1048576K
}
Event: 50.090 GC heap before
{Heap before GC invocations=65 (full 0):
 garbage-first heap   total 146432K, used 108342K [0x0000000080000000, 0x0000000100000000)
  region size 1024K, 43 young (44032K), 4 survivors (4096K)
 Metaspace       used 82253K, capacity 84420K, committed 84736K, reserved 1122304K
  class space    used 10822K, capacity 11655K, committed 11776K, reserved 1048576K
}
Event: 50.119 GC heap after
{Heap after GC invocations=66 (full 0):
 garbage-first heap   total 146432K, used 72726K [0x0000000080000000, 0x0000000100000000)
  region size 1024K, 6 young (6144K), 6 survivors (6144K)
 Metaspace       used 82253K, capacity 84420K, committed 84736K, reserved 1122304K
  class space    used 10822K, capacity 11655K, committed 11776K, reserved 1048576K
}
Event: 52.273 GC heap before
{Heap before GC invocations=67 (full 0):
 garbage-first heap   total 146432K, used 111638K [0x0000000080000000, 0x0000000100000000)
  region size 1024K, 45 young (46080K), 6 survivors (6144K)
 Metaspace       used 84379K, capacity 86483K, committed 87040K, reserved 1124352K
  class space    used 11037K, capacity 11845K, committed 12032K, reserved 1048576K
}
Event: 52.301 GC heap after
{Heap after GC invocations=68 (full 0):
 garbage-first heap   total 146432K, used 74399K [0x0000000080000000, 0x0000000100000000)
  region size 1024K, 2 young (2048K), 2 survivors (2048K)
 Metaspace       used 84379K, capacity 86483K, committed 87040K, reserved 1124352K
  class space    used 11037K, capacity 11845K, committed 12032K, reserved 1048576K
}

