# JRE version: OpenJDK Runtime Environment (11.0.11+9) (build 11.0.11+9-b60-7590822)
# Java VM: OpenJDK 64-Bit Server VM (11.0.11+9-b60-7590822, mixed mode, tiered, compressed oops, g1 gc, windows-amd64)
Heap:
 garbage-first heap   total 192512K, used 122202K [0x0000000080000000, 0x0000000100000000)
  region size 1024K, 18 young (18432K), 5 survivors (5120K)
 Metaspace       used 86693K, capacity 88715K, committed 88912K, reserved 1126400K
  class space    used 11253K, capacity 12044K, committed 12112K, reserved 1048576K
GC Heap History (20 events):
Event: 35.448 GC heap before
{Heap before GC invocations=44 (full 0):
 garbage-first heap   total 78848K, used 66803K [0x0000000080000000, 0x0000000100000000)
  region size 1024K, 11 young (11264K), 2 survivors (2048K)
 Metaspace       used 70885K, capacity 72568K, committed 72656K, reserved 1112064K
  class space    used 9256K, capacity 9882K, committed 9936K, reserved 1048576K
}
Event: 35.451 GC heap after
{Heap after GC invocations=45 (full 0):
 garbage-first heap   total 78848K, used 58110K [0x0000000080000000, 0x0000000100000000)
  region size 1024K, 2 young (2048K), 2 survivors (2048K)
 Metaspace       used 70885K, capacity 72568K, committed 72656K, reserved 1112064K
  class space    used 9256K, capacity 9882K, committed 9936K, reserved 1048576K
}
Event: 35.636 GC heap before
{Heap before GC invocations=45 (full 0):
 garbage-first heap   total 78848K, used 67326K [0x0000000080000000, 0x0000000100000000)
  region size 1024K, 11 young (11264K), 2 survivors (2048K)
 Metaspace       used 71707K, capacity 73265K, committed 73552K, reserved 1112064K
  class space    used 9374K, capacity 10003K, committed 10064K, reserved 1048576K
}
Event: 35.697 GC heap after
{Heap after GC invocations=46 (full 0):
 garbage-first heap   total 95232K, used 58924K [0x0000000080000000, 0x0000000100000000)
  region size 1024K, 2 young (2048K), 2 survivors (2048K)
 Metaspace       used 71707K, capacity 73265K, committed 73552K, reserved 1112064K
  class space    used 9374K, capacity 10003K, committed 10064K, reserved 1048576K
}
Event: 36.145 GC heap before
{Heap before GC invocations=47 (full 0):
 garbage-first heap   total 95232K, used 75308K [0x0000000080000000, 0x0000000100000000)
  region size 1024K, 18 young (18432K), 2 survivors (2048K)
 Metaspace       used 73132K, capacity 74843K, committed 75088K, reserved 1114112K
  class space    used 9592K, capacity 10248K, committed 10320K, reserved 1048576K
}
Event: 36.149 GC heap after
{Heap after GC invocations=48 (full 0):
 garbage-first heap   total 95232K, used 59651K [0x0000000080000000, 0x0000000100000000)
  region size 1024K, 3 young (3072K), 3 survivors (3072K)
 Metaspace       used 73132K, capacity 74843K, committed 75088K, reserved 1114112K
  class space    used 9592K, capacity 10248K, committed 10320K, reserved 1048576K
}
Event: 36.654 GC heap before
{Heap before GC invocations=48 (full 0):
 garbage-first heap   total 95232K, used 76035K [0x0000000080000000, 0x0000000100000000)
  region size 1024K, 19 young (19456K), 3 survivors (3072K)
 Metaspace       used 74684K, capacity 76395K, committed 76624K, reserved 1116160K
  class space    used 9846K, capacity 10522K, committed 10576K, reserved 1048576K
}
Event: 36.663 GC heap after
{Heap after GC invocations=49 (full 0):
 garbage-first heap   total 95232K, used 60284K [0x0000000080000000, 0x0000000100000000)
  region size 1024K, 3 young (3072K), 3 survivors (3072K)
 Metaspace       used 74684K, capacity 76395K, committed 76624K, reserved 1116160K
  class space    used 9846K, capacity 10522K, committed 10576K, reserved 1048576K
}
Event: 37.115 GC heap before
{Heap before GC invocations=50 (full 0):
 garbage-first heap   total 95232K, used 77692K [0x0000000080000000, 0x0000000100000000)
  region size 1024K, 20 young (20480K), 3 survivors (3072K)
 Metaspace       used 77241K, capacity 79088K, committed 79312K, reserved 1118208K
  class space    used 10163K, capacity 10858K, committed 10960K, reserved 1048576K
}
Event: 37.120 GC heap after
{Heap after GC invocations=51 (full 0):
 garbage-first heap   total 95232K, used 61580K [0x0000000080000000, 0x0000000100000000)
  region size 1024K, 3 young (3072K), 3 survivors (3072K)
 Metaspace       used 77241K, capacity 79088K, committed 79312K, reserved 1118208K
  class space    used 10163K, capacity 10858K, committed 10960K, reserved 1048576K
}
Event: 37.481 GC heap before
{Heap before GC invocations=51 (full 0):
 garbage-first heap   total 95232K, used 78988K [0x0000000080000000, 0x0000000100000000)
  region size 1024K, 20 young (20480K), 3 survivors (3072K)
 Metaspace       used 78433K, capacity 80268K, committed 80464K, reserved 1118208K
  class space    used 10287K, capacity 10968K, committed 11088K, reserved 1048576K
}
Event: 37.489 GC heap after
{Heap after GC invocations=52 (full 0):
 garbage-first heap   total 156672K, used 63122K [0x0000000080000000, 0x0000000100000000)
  region size 1024K, 3 young (3072K), 3 survivors (3072K)
 Metaspace       used 78433K, capacity 80268K, committed 80464K, reserved 1118208K
  class space    used 10287K, capacity 10968K, committed 11088K, reserved 1048576K
}
Event: 41.189 GC heap before
{Heap before GC invocations=53 (full 0):
 garbage-first heap   total 156672K, used 111250K [0x0000000080000000, 0x0000000100000000)
  region size 1024K, 51 young (52224K), 3 survivors (3072K)
 Metaspace       used 81208K, capacity 83254K, committed 83536K, reserved 1122304K
  class space    used 10718K, capacity 11514K, committed 11600K, reserved 1048576K
}
Event: 41.213 GC heap after
{Heap after GC invocations=54 (full 0):
 garbage-first heap   total 156672K, used 66180K [0x0000000080000000, 0x0000000100000000)
  region size 1024K, 6 young (6144K), 6 survivors (6144K)
 Metaspace       used 81208K, capacity 83254K, committed 83536K, reserved 1122304K
  class space    used 10718K, capacity 11514K, committed 11600K, reserved 1048576K
}
Event: 44.822 GC heap before
{Heap before GC invocations=54 (full 0):
 garbage-first heap   total 156672K, used 115332K [0x0000000080000000, 0x0000000100000000)
  region size 1024K, 55 young (56320K), 6 survivors (6144K)
 Metaspace       used 81670K, capacity 83786K, committed 84048K, reserved 1122304K
  class space    used 10726K, capacity 11523K, committed 11600K, reserved 1048576K
}
Event: 44.864 GC heap after
{Heap after GC invocations=55 (full 0):
 garbage-first heap   total 156672K, used 69717K [0x0000000080000000, 0x0000000100000000)
  region size 1024K, 7 young (7168K), 7 survivors (7168K)
 Metaspace       used 81670K, capacity 83786K, committed 84048K, reserved 1122304K
  class space    used 10726K, capacity 11523K, committed 11600K, reserved 1048576K
}
Event: 47.458 GC heap before
{Heap before GC invocations=55 (full 0):
 garbage-first heap   total 156672K, used 120917K [0x0000000080000000, 0x0000000100000000)
  region size 1024K, 56 young (57344K), 7 survivors (7168K)
 Metaspace       used 83623K, capacity 85735K, committed 85968K, reserved 1124352K
  class space    used 10908K, capacity 11698K, committed 11728K, reserved 1048576K
}
Event: 47.485 GC heap after
{Heap after GC invocations=56 (full 0):
 garbage-first heap   total 156672K, used 88160K [0x0000000080000000, 0x0000000100000000)
  region size 1024K, 7 young (7168K), 7 survivors (7168K)
 Metaspace       used 83623K, capacity 85735K, committed 85968K, reserved 1124352K
  class space    used 10908K, capacity 11698K, committed 11728K, reserved 1048576K
}
Event: 48.920 GC heap before
{Heap before GC invocations=56 (full 0):
 garbage-first heap   total 156672K, used 115808K [0x0000000080000000, 0x0000000100000000)
  region size 1024K, 35 young (35840K), 7 survivors (7168K)
 Metaspace       used 86185K, capacity 88308K, committed 88400K, reserved 1126400K
  class space    used 11207K, capacity 12023K, committed 12112K, reserved 1048576K
}
Event: 49.067 GC heap after
{Heap after GC invocations=57 (full 0):
 garbage-first heap   total 192512K, used 93530K [0x0000000080000000, 0x0000000100000000)
  region size 1024K, 5 young (5120K), 5 survivors (5120K)
 Metaspace       used 86185K, capacity 88308K, committed 88400K, reserved 1126400K
  class space    used 11207K, capacity 12023K, committed 12112K, reserved 1048576K
}

