# JRE version: OpenJDK Runtime Environment (11.0.11+9) (build 11.0.11+9-b60-7590822)
# Java VM: OpenJDK 64-Bit Server VM (11.0.11+9-b60-7590822, mixed mode, tiered, compressed oops, g1 gc, windows-amd64)
Heap:
 garbage-first heap   total 687104K, used 187953K [0x0000000080000000, 0x0000000100000000)
  region size 1024K, 17 young (17408K), 17 survivors (17408K)
 Metaspace       used 114843K, capacity 117698K, committed 117952K, reserved 1150976K
  class space    used 14837K, capacity 15931K, committed 16076K, reserved 1048576K
GC Heap History (20 events):
Event: 48.890 GC heap after
{Heap after GC invocations=57 (full 0):
 garbage-first heap   total 261120K, used 157399K [0x0000000080000000, 0x0000000100000000)
  region size 1024K, 8 young (8192K), 8 survivors (8192K)
 Metaspace       used 107875K, capacity 110538K, committed 110912K, reserved 1144832K
  class space    used 14005K, capacity 15058K, committed 15180K, reserved 1048576K
}
Event: 49.380 GC heap before
{Heap before GC invocations=57 (full 0):
 garbage-first heap   total 261120K, used 204503K [0x0000000080000000, 0x0000000100000000)
  region size 1024K, 55 young (56320K), 8 survivors (8192K)
 Metaspace       used 111385K, capacity 114300K, committed 114368K, reserved 1148928K
  class space    used 14632K, capacity 15792K, committed 15820K, reserved 1048576K
}
Event: 49.422 GC heap after
{Heap after GC invocations=58 (full 0):
 garbage-first heap   total 261120K, used 164026K [0x0000000080000000, 0x0000000100000000)
  region size 1024K, 6 young (6144K), 6 survivors (6144K)
 Metaspace       used 111385K, capacity 114300K, committed 114368K, reserved 1148928K
  class space    used 14632K, capacity 15792K, committed 15820K, reserved 1048576K
}
Event: 50.011 GC heap before
{Heap before GC invocations=58 (full 0):
 garbage-first heap   total 261120K, used 210106K [0x0000000080000000, 0x0000000100000000)
  region size 1024K, 51 young (52224K), 6 survivors (6144K)
 Metaspace       used 112421K, capacity 115347K, committed 115520K, reserved 1148928K
  class space    used 14729K, capacity 15898K, committed 15948K, reserved 1048576K
}
Event: 50.090 GC heap after
{Heap after GC invocations=59 (full 0):
 garbage-first heap   total 324608K, used 166351K [0x0000000080000000, 0x0000000100000000)
  region size 1024K, 3 young (3072K), 3 survivors (3072K)
 Metaspace       used 112421K, capacity 115347K, committed 115520K, reserved 1148928K
  class space    used 14729K, capacity 15898K, committed 15948K, reserved 1048576K
}
Event: 51.132 GC heap before
{Heap before GC invocations=59 (full 0):
 garbage-first heap   total 324608K, used 234959K [0x0000000080000000, 0x0000000100000000)
  region size 1024K, 70 young (71680K), 3 survivors (3072K)
 Metaspace       used 112648K, capacity 115332K, committed 116032K, reserved 1148928K
  class space    used 14641K, capacity 15710K, committed 15948K, reserved 1048576K
}
Event: 51.172 GC heap after
{Heap after GC invocations=60 (full 0):
 garbage-first heap   total 324608K, used 168562K [0x0000000080000000, 0x0000000100000000)
  region size 1024K, 6 young (6144K), 6 survivors (6144K)
 Metaspace       used 112648K, capacity 115332K, committed 116032K, reserved 1148928K
  class space    used 14641K, capacity 15710K, committed 15948K, reserved 1048576K
}
Event: 51.591 GC heap before
{Heap before GC invocations=61 (full 0):
 garbage-first heap   total 324608K, used 242290K [0x0000000080000000, 0x0000000100000000)
  region size 1024K, 78 young (79872K), 6 survivors (6144K)
 Metaspace       used 112969K, capacity 115647K, committed 116416K, reserved 1148928K
  class space    used 14683K, capacity 15772K, committed 16076K, reserved 1048576K
}
Event: 51.622 GC heap after
{Heap after GC invocations=62 (full 0):
 garbage-first heap   total 324608K, used 171471K [0x0000000080000000, 0x0000000100000000)
  region size 1024K, 8 young (8192K), 8 survivors (8192K)
 Metaspace       used 112969K, capacity 115647K, committed 116416K, reserved 1148928K
  class space    used 14683K, capacity 15772K, committed 16076K, reserved 1048576K
}
Event: 52.064 GC heap before
{Heap before GC invocations=62 (full 0):
 garbage-first heap   total 324608K, used 259535K [0x0000000080000000, 0x0000000100000000)
  region size 1024K, 94 young (96256K), 8 survivors (8192K)
 Metaspace       used 113602K, capacity 116305K, committed 116928K, reserved 1150976K
  class space    used 14738K, capacity 15841K, committed 16076K, reserved 1048576K
}
Event: 52.098 GC heap after
{Heap after GC invocations=63 (full 0):
 garbage-first heap   total 324608K, used 173355K [0x0000000080000000, 0x0000000100000000)
  region size 1024K, 8 young (8192K), 8 survivors (8192K)
 Metaspace       used 113602K, capacity 116305K, committed 116928K, reserved 1150976K
  class space    used 14738K, capacity 15841K, committed 16076K, reserved 1048576K
}
Event: 52.413 GC heap before
{Heap before GC invocations=63 (full 0):
 garbage-first heap   total 324608K, used 262443K [0x0000000080000000, 0x0000000100000000)
  region size 1024K, 95 young (97280K), 8 survivors (8192K)
 Metaspace       used 113964K, capacity 116735K, committed 117184K, reserved 1150976K
  class space    used 14778K, capacity 15876K, committed 16076K, reserved 1048576K
}
Event: 52.472 GC heap after
{Heap after GC invocations=64 (full 0):
 garbage-first heap   total 462848K, used 174572K [0x0000000080000000, 0x0000000100000000)
  region size 1024K, 6 young (6144K), 6 survivors (6144K)
 Metaspace       used 113964K, capacity 116735K, committed 117184K, reserved 1150976K
  class space    used 14778K, capacity 15876K, committed 16076K, reserved 1048576K
}
Event: 55.123 GC heap before
{Heap before GC invocations=65 (full 0):
 garbage-first heap   total 462848K, used 393708K [0x0000000080000000, 0x0000000100000000)
  region size 1024K, 221 young (226304K), 6 survivors (6144K)
 Metaspace       used 114575K, capacity 117312K, committed 117696K, reserved 1150976K
  class space    used 14815K, capacity 15915K, committed 16076K, reserved 1048576K
}
Event: 55.160 GC heap after
{Heap after GC invocations=66 (full 0):
 garbage-first heap   total 462848K, used 177514K [0x0000000080000000, 0x0000000100000000)
  region size 1024K, 9 young (9216K), 9 survivors (9216K)
 Metaspace       used 114575K, capacity 117312K, committed 117696K, reserved 1150976K
  class space    used 14815K, capacity 15915K, committed 16076K, reserved 1048576K
}
Event: 55.924 GC heap before
{Heap before GC invocations=66 (full 0):
 garbage-first heap   total 462848K, used 389482K [0x0000000080000000, 0x0000000100000000)
  region size 1024K, 216 young (221184K), 9 survivors (9216K)
 Metaspace       used 114674K, capacity 117465K, committed 117952K, reserved 1150976K
  class space    used 14828K, capacity 15922K, committed 16076K, reserved 1048576K
}
Event: 56.010 GC heap after
{Heap after GC invocations=67 (full 0):
 garbage-first heap   total 462848K, used 180078K [0x0000000080000000, 0x0000000100000000)
  region size 1024K, 12 young (12288K), 12 survivors (12288K)
 Metaspace       used 114674K, capacity 117465K, committed 117952K, reserved 1150976K
  class space    used 14828K, capacity 15922K, committed 16076K, reserved 1048576K
}
Event: 57.007 GC heap before
{Heap before GC invocations=67 (full 0):
 garbage-first heap   total 462848K, used 391022K [0x0000000080000000, 0x0000000100000000)
  region size 1024K, 219 young (224256K), 12 survivors (12288K)
 Metaspace       used 114714K, capacity 117465K, committed 117952K, reserved 1150976K
  class space    used 14831K, capacity 15922K, committed 16076K, reserved 1048576K
}
Event: 57.054 GC heap after
{Heap after GC invocations=68 (full 0):
 garbage-first heap   total 462848K, used 185318K [0x0000000080000000, 0x0000000100000000)
  region size 1024K, 17 young (17408K), 17 survivors (17408K)
 Metaspace       used 114714K, capacity 117465K, committed 117952K, reserved 1150976K
  class space    used 14831K, capacity 15922K, committed 16076K, reserved 1048576K
}
Event: 57.743 GC heap before
{Heap before GC invocations=69 (full 0):
 garbage-first heap   total 462848K, used 394214K [0x0000000080000000, 0x0000000100000000)
  region size 1024K, 221 young (226304K), 17 survivors (17408K)
 Metaspace       used 114843K, capacity 117698K, committed 117952K, reserved 1150976K
  class space    used 14837K, capacity 15931K, committed 16076K, reserved 1048576K
}

