# JRE version: OpenJDK Runtime Environment (11.0.11+9) (build 11.0.11+9-b60-7590822)
# Java VM: OpenJDK 64-Bit Server VM (11.0.11+9-b60-7590822, mixed mode, tiered, compressed oops, g1 gc, windows-amd64)
Heap:
 garbage-first heap   total 95232K, used 60554K [0x0000000080000000, 0x0000000100000000)
  region size 1024K, 10 young (10240K), 3 survivors (3072K)
 Metaspace       used 48012K, capacity 49305K, committed 49408K, reserved 1091584K
  class space    used 6146K, capacity 6582K, committed 6656K, reserved 1048576K
GC Heap History (20 events):
Event: 11.928 GC heap before
{Heap before GC invocations=10 (full 0):
 garbage-first heap   total 78848K, used 57447K [0x0000000080000000, 0x0000000100000000)
  region size 1024K, 27 young (27648K), 2 survivors (2048K)
 Metaspace       used 31743K, capacity 32594K, committed 32896K, reserved 1077248K
  class space    used 4286K, capacity 4609K, committed 4736K, reserved 1048576K
}
Event: 11.937 GC heap after
{Heap after GC invocations=11 (full 0):
 garbage-first heap   total 78848K, used 33446K [0x0000000080000000, 0x0000000100000000)
  region size 1024K, 3 young (3072K), 3 survivors (3072K)
 Metaspace       used 31743K, capacity 32594K, committed 32896K, reserved 1077248K
  class space    used 4286K, capacity 4609K, committed 4736K, reserved 1048576K
}
Event: 12.654 GC heap before
{Heap before GC invocations=11 (full 0):
 garbage-first heap   total 78848K, used 48806K [0x0000000080000000, 0x0000000100000000)
  region size 1024K, 20 young (20480K), 3 survivors (3072K)
 Metaspace       used 34865K, capacity 35726K, committed 35840K, reserved 1081344K
  class space    used 4656K, capacity 4992K, committed 4992K, reserved 1048576K
}
Event: 12.659 GC heap after
{Heap after GC invocations=12 (full 0):
 garbage-first heap   total 78848K, used 34659K [0x0000000080000000, 0x0000000100000000)
  region size 1024K, 4 young (4096K), 4 survivors (4096K)
 Metaspace       used 34865K, capacity 35726K, committed 35840K, reserved 1081344K
  class space    used 4656K, capacity 4992K, committed 4992K, reserved 1048576K
}
Event: 13.323 GC heap before
{Heap before GC invocations=13 (full 0):
 garbage-first heap   total 78848K, used 60259K [0x0000000080000000, 0x0000000100000000)
  region size 1024K, 30 young (30720K), 4 survivors (4096K)
 Metaspace       used 39171K, capacity 40239K, committed 40320K, reserved 1083392K
  class space    used 5098K, capacity 5495K, committed 5504K, reserved 1048576K
}
Event: 13.336 GC heap after
{Heap after GC invocations=14 (full 0):
 garbage-first heap   total 78848K, used 38366K [0x0000000080000000, 0x0000000100000000)
  region size 1024K, 4 young (4096K), 4 survivors (4096K)
 Metaspace       used 39171K, capacity 40239K, committed 40320K, reserved 1083392K
  class space    used 5098K, capacity 5495K, committed 5504K, reserved 1048576K
}
Event: 13.508 GC heap before
{Heap before GC invocations=14 (full 0):
 garbage-first heap   total 78848K, used 52702K [0x0000000080000000, 0x0000000100000000)
  region size 1024K, 20 young (20480K), 4 survivors (4096K)
 Metaspace       used 39712K, capacity 40779K, committed 40960K, reserved 1085440K
  class space    used 5152K, capacity 5564K, committed 5632K, reserved 1048576K
}
Event: 13.521 GC heap after
{Heap after GC invocations=15 (full 0):
 garbage-first heap   total 78848K, used 39905K [0x0000000080000000, 0x0000000100000000)
  region size 1024K, 2 young (2048K), 2 survivors (2048K)
 Metaspace       used 39712K, capacity 40779K, committed 40960K, reserved 1085440K
  class space    used 5152K, capacity 5564K, committed 5632K, reserved 1048576K
}
Event: 14.024 GC heap before
{Heap before GC invocations=16 (full 0):
 garbage-first heap   total 78848K, used 63457K [0x0000000080000000, 0x0000000100000000)
  region size 1024K, 22 young (22528K), 2 survivors (2048K)
 Metaspace       used 42366K, capacity 43448K, committed 43520K, reserved 1087488K
  class space    used 5443K, capacity 5834K, committed 5888K, reserved 1048576K
}
Event: 14.028 GC heap after
{Heap after GC invocations=17 (full 0):
 garbage-first heap   total 78848K, used 40794K [0x0000000080000000, 0x0000000100000000)
  region size 1024K, 2 young (2048K), 2 survivors (2048K)
 Metaspace       used 42366K, capacity 43448K, committed 43520K, reserved 1087488K
  class space    used 5443K, capacity 5834K, committed 5888K, reserved 1048576K
}
Event: 14.275 GC heap before
{Heap before GC invocations=17 (full 0):
 garbage-first heap   total 78848K, used 60250K [0x0000000080000000, 0x0000000100000000)
  region size 1024K, 21 young (21504K), 2 survivors (2048K)
 Metaspace       used 43701K, capacity 44848K, committed 45056K, reserved 1087488K
  class space    used 5642K, capacity 6069K, committed 6144K, reserved 1048576K
}
Event: 14.279 GC heap after
{Heap after GC invocations=18 (full 0):
 garbage-first heap   total 78848K, used 40967K [0x0000000080000000, 0x0000000100000000)
  region size 1024K, 2 young (2048K), 2 survivors (2048K)
 Metaspace       used 43701K, capacity 44848K, committed 45056K, reserved 1087488K
  class space    used 5642K, capacity 6069K, committed 6144K, reserved 1048576K
}
Event: 14.639 GC heap before
{Heap before GC invocations=19 (full 0):
 garbage-first heap   total 78848K, used 45063K [0x0000000080000000, 0x0000000100000000)
  region size 1024K, 7 young (7168K), 2 survivors (2048K)
 Metaspace       used 43958K, capacity 45132K, committed 45312K, reserved 1089536K
  class space    used 5675K, capacity 6092K, committed 6144K, reserved 1048576K
}
Event: 14.644 GC heap after
{Heap after GC invocations=20 (full 0):
 garbage-first heap   total 78848K, used 41531K [0x0000000080000000, 0x0000000100000000)
  region size 1024K, 2 young (2048K), 2 survivors (2048K)
 Metaspace       used 43958K, capacity 45132K, committed 45312K, reserved 1089536K
  class space    used 5675K, capacity 6092K, committed 6144K, reserved 1048576K
}
Event: 16.175 GC heap before
{Heap before GC invocations=21 (full 0):
 garbage-first heap   total 78848K, used 57915K [0x0000000080000000, 0x0000000100000000)
  region size 1024K, 17 young (17408K), 2 survivors (2048K)
 Metaspace       used 44673K, capacity 45915K, committed 46208K, reserved 1089536K
  class space    used 5753K, capacity 6180K, committed 6272K, reserved 1048576K
}
Event: 16.196 GC heap after
{Heap after GC invocations=22 (full 0):
 garbage-first heap   total 78848K, used 47307K [0x0000000080000000, 0x0000000100000000)
  region size 1024K, 3 young (3072K), 3 survivors (3072K)
 Metaspace       used 44673K, capacity 45915K, committed 46208K, reserved 1089536K
  class space    used 5753K, capacity 6180K, committed 6272K, reserved 1048576K
}
Event: 17.228 GC heap before
{Heap before GC invocations=23 (full 0):
 garbage-first heap   total 78848K, used 62667K [0x0000000080000000, 0x0000000100000000)
  region size 1024K, 17 young (17408K), 3 survivors (3072K)
 Metaspace       used 46284K, capacity 47609K, committed 47872K, reserved 1091584K
  class space    used 5863K, capacity 6318K, committed 6400K, reserved 1048576K
}
Event: 17.363 GC heap after
{Heap after GC invocations=24 (full 0):
 garbage-first heap   total 95232K, used 48118K [0x0000000080000000, 0x0000000100000000)
  region size 1024K, 2 young (2048K), 2 survivors (2048K)
 Metaspace       used 46284K, capacity 47609K, committed 47872K, reserved 1091584K
  class space    used 5863K, capacity 6318K, committed 6400K, reserved 1048576K
}
Event: 19.300 GC heap before
{Heap before GC invocations=24 (full 0):
 garbage-first heap   total 95232K, used 68598K [0x0000000080000000, 0x0000000100000000)
  region size 1024K, 22 young (22528K), 2 survivors (2048K)
 Metaspace       used 46813K, capacity 48123K, committed 48256K, reserved 1091584K
  class space    used 5944K, capacity 6401K, committed 6528K, reserved 1048576K
}
Event: 19.346 GC heap after
{Heap after GC invocations=25 (full 0):
 garbage-first heap   total 95232K, used 49581K [0x0000000080000000, 0x0000000100000000)
  region size 1024K, 3 young (3072K), 3 survivors (3072K)
 Metaspace       used 46813K, capacity 48123K, committed 48256K, reserved 1091584K
  class space    used 5944K, capacity 6401K, committed 6528K, reserved 1048576K
}

