# JRE version: OpenJDK Runtime Environment (11.0.11+9) (build 11.0.11+9-b60-7590822)
# Java VM: OpenJDK 64-Bit Server VM (11.0.11+9-b60-7590822, mixed mode, tiered, compressed oops, g1 gc, windows-amd64)
Heap:
 garbage-first heap   total 414720K, used 39058K [0x0000000080000000, 0x0000000100000000)
  region size 1024K, 3 young (3072K), 3 survivors (3072K)
 Metaspace       used 54540K, capacity 55810K, committed 55936K, reserved 1097728K
  class space    used 6991K, capacity 7468K, committed 7552K, reserved 1048576K
GC Heap History (20 events):
Event: 14.359 GC heap after
{Heap after GC invocations=27 (full 0):
 garbage-first heap   total 114688K, used 40642K [0x0000000080000000, 0x0000000100000000)
  region size 1024K, 5 young (5120K), 5 survivors (5120K)
 Metaspace       used 54510K, capacity 55809K, committed 55936K, reserved 1097728K
  class space    used 6991K, capacity 7468K, committed 7552K, reserved 1048576K
}
Event: 14.549 GC heap before
{Heap before GC invocations=27 (full 0):
 garbage-first heap   total 114688K, used 94914K [0x0000000080000000, 0x0000000100000000)
  region size 1024K, 60 young (61440K), 5 survivors (5120K)
 Metaspace       used 54512K, capacity 55809K, committed 55936K, reserved 1097728K
  class space    used 6991K, capacity 7468K, committed 7552K, reserved 1048576K
}
Event: 14.555 GC heap after
{Heap after GC invocations=28 (full 0):
 garbage-first heap   total 114688K, used 41083K [0x0000000080000000, 0x0000000100000000)
  region size 1024K, 3 young (3072K), 3 survivors (3072K)
 Metaspace       used 54512K, capacity 55809K, committed 55936K, reserved 1097728K
  class space    used 6991K, capacity 7468K, committed 7552K, reserved 1048576K
}
Event: 14.775 GC heap before
{Heap before GC invocations=28 (full 0):
 garbage-first heap   total 114688K, used 95355K [0x0000000080000000, 0x0000000100000000)
  region size 1024K, 57 young (58368K), 3 survivors (3072K)
 Metaspace       used 54515K, capacity 55809K, committed 55936K, reserved 1097728K
  class space    used 6991K, capacity 7468K, committed 7552K, reserved 1048576K
}
Event: 14.779 GC heap after
{Heap after GC invocations=29 (full 0):
 garbage-first heap   total 114688K, used 41448K [0x0000000080000000, 0x0000000100000000)
  region size 1024K, 4 young (4096K), 4 survivors (4096K)
 Metaspace       used 54515K, capacity 55809K, committed 55936K, reserved 1097728K
  class space    used 6991K, capacity 7468K, committed 7552K, reserved 1048576K
}
Event: 15.075 GC heap before
{Heap before GC invocations=29 (full 0):
 garbage-first heap   total 114688K, used 95720K [0x0000000080000000, 0x0000000100000000)
  region size 1024K, 58 young (59392K), 4 survivors (4096K)
 Metaspace       used 54515K, capacity 55809K, committed 55936K, reserved 1097728K
  class space    used 6991K, capacity 7468K, committed 7552K, reserved 1048576K
}
Event: 15.079 GC heap after
{Heap after GC invocations=30 (full 0):
 garbage-first heap   total 114688K, used 41757K [0x0000000080000000, 0x0000000100000000)
  region size 1024K, 4 young (4096K), 4 survivors (4096K)
 Metaspace       used 54515K, capacity 55809K, committed 55936K, reserved 1097728K
  class space    used 6991K, capacity 7468K, committed 7552K, reserved 1048576K
}
Event: 15.306 GC heap before
{Heap before GC invocations=30 (full 0):
 garbage-first heap   total 114688K, used 96029K [0x0000000080000000, 0x0000000100000000)
  region size 1024K, 59 young (60416K), 4 survivors (4096K)
 Metaspace       used 54517K, capacity 55809K, committed 55936K, reserved 1097728K
  class space    used 6991K, capacity 7468K, committed 7552K, reserved 1048576K
}
Event: 15.310 GC heap after
{Heap after GC invocations=31 (full 0):
 garbage-first heap   total 114688K, used 42169K [0x0000000080000000, 0x0000000100000000)
  region size 1024K, 4 young (4096K), 4 survivors (4096K)
 Metaspace       used 54517K, capacity 55809K, committed 55936K, reserved 1097728K
  class space    used 6991K, capacity 7468K, committed 7552K, reserved 1048576K
}
Event: 15.504 GC heap before
{Heap before GC invocations=31 (full 0):
 garbage-first heap   total 114688K, used 97465K [0x0000000080000000, 0x0000000100000000)
  region size 1024K, 58 young (59392K), 4 survivors (4096K)
 Metaspace       used 54519K, capacity 55809K, committed 55936K, reserved 1097728K
  class space    used 6991K, capacity 7468K, committed 7552K, reserved 1048576K
}
Event: 15.857 GC heap after
{Heap after GC invocations=32 (full 0):
 garbage-first heap   total 138240K, used 42529K [0x0000000080000000, 0x0000000100000000)
  region size 1024K, 5 young (5120K), 5 survivors (5120K)
 Metaspace       used 54519K, capacity 55809K, committed 55936K, reserved 1097728K
  class space    used 6991K, capacity 7468K, committed 7552K, reserved 1048576K
}
Event: 16.178 GC heap before
{Heap before GC invocations=32 (full 0):
 garbage-first heap   total 138240K, used 108065K [0x0000000080000000, 0x0000000100000000)
  region size 1024K, 69 young (70656K), 5 survivors (5120K)
 Metaspace       used 54525K, capacity 55809K, committed 55936K, reserved 1097728K
  class space    used 6991K, capacity 7468K, committed 7552K, reserved 1048576K
}
Event: 16.182 GC heap after
{Heap after GC invocations=33 (full 0):
 garbage-first heap   total 138240K, used 42953K [0x0000000080000000, 0x0000000100000000)
  region size 1024K, 5 young (5120K), 5 survivors (5120K)
 Metaspace       used 54525K, capacity 55809K, committed 55936K, reserved 1097728K
  class space    used 6991K, capacity 7468K, committed 7552K, reserved 1048576K
}
Event: 16.381 GC heap before
{Heap before GC invocations=33 (full 0):
 garbage-first heap   total 138240K, used 114633K [0x0000000080000000, 0x0000000100000000)
  region size 1024K, 76 young (77824K), 5 survivors (5120K)
 Metaspace       used 54528K, capacity 55809K, committed 55936K, reserved 1097728K
  class space    used 6991K, capacity 7468K, committed 7552K, reserved 1048576K
}
Event: 16.385 GC heap after
{Heap after GC invocations=34 (full 0):
 garbage-first heap   total 138240K, used 41156K [0x0000000080000000, 0x0000000100000000)
  region size 1024K, 4 young (4096K), 4 survivors (4096K)
 Metaspace       used 54528K, capacity 55809K, committed 55936K, reserved 1097728K
  class space    used 6991K, capacity 7468K, committed 7552K, reserved 1048576K
}
Event: 16.729 GC heap before
{Heap before GC invocations=34 (full 0):
 garbage-first heap   total 138240K, used 113860K [0x0000000080000000, 0x0000000100000000)
  region size 1024K, 76 young (77824K), 4 survivors (4096K)
 Metaspace       used 54529K, capacity 55809K, committed 55936K, reserved 1097728K
  class space    used 6991K, capacity 7468K, committed 7552K, reserved 1048576K
}
Event: 16.733 GC heap after
{Heap after GC invocations=35 (full 0):
 garbage-first heap   total 138240K, used 41301K [0x0000000080000000, 0x0000000100000000)
  region size 1024K, 4 young (4096K), 4 survivors (4096K)
 Metaspace       used 54529K, capacity 55809K, committed 55936K, reserved 1097728K
  class space    used 6991K, capacity 7468K, committed 7552K, reserved 1048576K
}
Event: 17.134 GC heap before
{Heap before GC invocations=35 (full 0):
 garbage-first heap   total 138240K, used 115029K [0x0000000080000000, 0x0000000100000000)
  region size 1024K, 77 young (78848K), 4 survivors (4096K)
 Metaspace       used 54537K, capacity 55810K, committed 55936K, reserved 1097728K
  class space    used 6991K, capacity 7468K, committed 7552K, reserved 1048576K
}
Event: 17.181 GC heap after
{Heap after GC invocations=36 (full 0):
 garbage-first heap   total 138240K, used 41022K [0x0000000080000000, 0x0000000100000000)
  region size 1024K, 5 young (5120K), 5 survivors (5120K)
 Metaspace       used 54537K, capacity 55810K, committed 55936K, reserved 1097728K
  class space    used 6991K, capacity 7468K, committed 7552K, reserved 1048576K
}
Event: 17.996 GC heap before
{Heap before GC invocations=36 (full 0):
 garbage-first heap   total 138240K, used 115774K [0x0000000080000000, 0x0000000100000000)
  region size 1024K, 78 young (79872K), 5 survivors (5120K)
 Metaspace       used 54540K, capacity 55810K, committed 55936K, reserved 1097728K
  class space    used 6991K, capacity 7468K, committed 7552K, reserved 1048576K
}

