# JRE version: OpenJDK Runtime Environment (11.0.11+9) (build 11.0.11+9-b60-7590822)
# Java VM: OpenJDK 64-Bit Server VM (11.0.11+9-b60-7590822, mixed mode, tiered, compressed oops, g1 gc, windows-amd64)
Heap:
 garbage-first heap   total 95232K, used 53247K [0x0000000080000000, 0x0000000100000000)
  region size 1024K, 10 young (10240K), 2 survivors (2048K)
 Metaspace       used 53643K, capacity 55022K, committed 55120K, reserved 1097728K
  class space    used 6957K, capacity 7471K, committed 7504K, reserved 1048576K
GC Heap History (20 events):
Event: 6.560 GC heap before
{Heap before GC invocations=10 (full 0):
 garbage-first heap   total 65536K, used 46543K [0x0000000080000000, 0x0000000100000000)
  region size 1024K, 28 young (28672K), 2 survivors (2048K)
 Metaspace       used 31871K, capacity 32536K, committed 32768K, reserved 1077248K
  class space    used 4274K, capacity 4525K, committed 4608K, reserved 1048576K
}
Event: 6.564 GC heap after
{Heap after GC invocations=11 (full 0):
 garbage-first heap   total 65536K, used 21040K [0x0000000080000000, 0x0000000100000000)
  region size 1024K, 4 young (4096K), 4 survivors (4096K)
 Metaspace       used 31871K, capacity 32536K, committed 32768K, reserved 1077248K
  class space    used 4274K, capacity 4525K, committed 4608K, reserved 1048576K
}
Event: 7.087 GC heap before
{Heap before GC invocations=11 (full 0):
 garbage-first heap   total 65536K, used 27184K [0x0000000080000000, 0x0000000100000000)
  region size 1024K, 12 young (12288K), 4 survivors (4096K)
 Metaspace       used 35060K, capacity 35852K, committed 35920K, reserved 1081344K
  class space    used 4570K, capacity 4884K, committed 4944K, reserved 1048576K
}
Event: 7.104 GC heap after
{Heap after GC invocations=12 (full 0):
 garbage-first heap   total 65536K, used 22656K [0x0000000080000000, 0x0000000100000000)
  region size 1024K, 4 young (4096K), 4 survivors (4096K)
 Metaspace       used 35060K, capacity 35852K, committed 35920K, reserved 1081344K
  class space    used 4570K, capacity 4884K, committed 4944K, reserved 1048576K
}
Event: 7.371 GC heap before
{Heap before GC invocations=13 (full 0):
 garbage-first heap   total 65536K, used 47232K [0x0000000080000000, 0x0000000100000000)
  region size 1024K, 29 young (29696K), 4 survivors (4096K)
 Metaspace       used 36907K, capacity 37778K, committed 37968K, reserved 1081344K
  class space    used 4769K, capacity 5119K, committed 5200K, reserved 1048576K
}
Event: 7.379 GC heap after
{Heap after GC invocations=14 (full 0):
 garbage-first heap   total 65536K, used 25485K [0x0000000080000000, 0x0000000100000000)
  region size 1024K, 4 young (4096K), 4 survivors (4096K)
 Metaspace       used 36907K, capacity 37778K, committed 37968K, reserved 1081344K
  class space    used 4769K, capacity 5119K, committed 5200K, reserved 1048576K
}
Event: 8.067 GC heap before
{Heap before GC invocations=14 (full 0):
 garbage-first heap   total 65536K, used 52109K [0x0000000080000000, 0x0000000100000000)
  region size 1024K, 28 young (28672K), 4 survivors (4096K)
 Metaspace       used 39218K, capacity 40149K, committed 40272K, reserved 1083392K
  class space    used 5018K, capacity 5353K, committed 5456K, reserved 1048576K
}
Event: 8.074 GC heap after
{Heap after GC invocations=15 (full 0):
 garbage-first heap   total 78848K, used 26967K [0x0000000080000000, 0x0000000100000000)
  region size 1024K, 3 young (3072K), 3 survivors (3072K)
 Metaspace       used 39218K, capacity 40149K, committed 40272K, reserved 1083392K
  class space    used 5018K, capacity 5353K, committed 5456K, reserved 1048576K
}
Event: 8.714 GC heap before
{Heap before GC invocations=15 (full 0):
 garbage-first heap   total 78848K, used 56663K [0x0000000080000000, 0x0000000100000000)
  region size 1024K, 32 young (32768K), 3 survivors (3072K)
 Metaspace       used 41447K, capacity 42465K, committed 42704K, reserved 1085440K
  class space    used 5337K, capacity 5717K, committed 5840K, reserved 1048576K
}
Event: 8.719 GC heap after
{Heap after GC invocations=16 (full 0):
 garbage-first heap   total 78848K, used 28392K [0x0000000080000000, 0x0000000100000000)
  region size 1024K, 4 young (4096K), 4 survivors (4096K)
 Metaspace       used 41447K, capacity 42465K, committed 42704K, reserved 1085440K
  class space    used 5337K, capacity 5717K, committed 5840K, reserved 1048576K
}
Event: 9.269 GC heap before
{Heap before GC invocations=16 (full 0):
 garbage-first heap   total 78848K, used 60136K [0x0000000080000000, 0x0000000100000000)
  region size 1024K, 35 young (35840K), 4 survivors (4096K)
 Metaspace       used 44601K, capacity 45663K, committed 45904K, reserved 1089536K
  class space    used 5719K, capacity 6092K, committed 6224K, reserved 1048576K
}
Event: 9.276 GC heap after
{Heap after GC invocations=17 (full 0):
 garbage-first heap   total 78848K, used 29696K [0x0000000080000000, 0x0000000100000000)
  region size 1024K, 3 young (3072K), 3 survivors (3072K)
 Metaspace       used 44601K, capacity 45663K, committed 45904K, reserved 1089536K
  class space    used 5719K, capacity 6092K, committed 6224K, reserved 1048576K
}
Event: 9.958 GC heap before
{Heap before GC invocations=17 (full 0):
 garbage-first heap   total 78848K, used 61440K [0x0000000080000000, 0x0000000100000000)
  region size 1024K, 34 young (34816K), 3 survivors (3072K)
 Metaspace       used 46776K, capacity 47864K, committed 47952K, reserved 1091584K
  class space    used 6036K, capacity 6444K, committed 6480K, reserved 1048576K
}
Event: 9.966 GC heap after
{Heap after GC invocations=18 (full 0):
 garbage-first heap   total 78848K, used 30395K [0x0000000080000000, 0x0000000100000000)
  region size 1024K, 2 young (2048K), 2 survivors (2048K)
 Metaspace       used 46776K, capacity 47864K, committed 47952K, reserved 1091584K
  class space    used 6036K, capacity 6444K, committed 6480K, reserved 1048576K
}
Event: 12.196 GC heap before
{Heap before GC invocations=18 (full 0):
 garbage-first heap   total 78848K, used 61115K [0x0000000080000000, 0x0000000100000000)
  region size 1024K, 33 young (33792K), 2 survivors (2048K)
 Metaspace       used 48361K, capacity 49503K, committed 49744K, reserved 1091584K
  class space    used 6205K, capacity 6626K, committed 6736K, reserved 1048576K
}
Event: 12.212 GC heap after
{Heap after GC invocations=19 (full 0):
 garbage-first heap   total 78848K, used 32277K [0x0000000080000000, 0x0000000100000000)
  region size 1024K, 4 young (4096K), 4 survivors (4096K)
 Metaspace       used 48361K, capacity 49503K, committed 49744K, reserved 1091584K
  class space    used 6205K, capacity 6626K, committed 6736K, reserved 1048576K
}
Event: 19.881 GC heap before
{Heap before GC invocations=19 (full 0):
 garbage-first heap   total 78848K, used 67093K [0x0000000080000000, 0x0000000100000000)
  region size 1024K, 34 young (34816K), 4 survivors (4096K)
 Metaspace       used 50638K, capacity 51896K, committed 52176K, reserved 1093632K
  class space    used 6581K, capacity 7069K, committed 7120K, reserved 1048576K
}
Event: 19.889 GC heap after
{Heap after GC invocations=20 (full 0):
 garbage-first heap   total 95232K, used 43749K [0x0000000080000000, 0x0000000100000000)
  region size 1024K, 5 young (5120K), 5 survivors (5120K)
 Metaspace       used 50638K, capacity 51896K, committed 52176K, reserved 1093632K
  class space    used 6581K, capacity 7069K, committed 7120K, reserved 1048576K
}
Event: 20.400 GC heap before
{Heap before GC invocations=20 (full 0):
 garbage-first heap   total 95232K, used 73445K [0x0000000080000000, 0x0000000100000000)
  region size 1024K, 34 young (34816K), 5 survivors (5120K)
 Metaspace       used 52681K, capacity 53932K, committed 54224K, reserved 1095680K
  class space    used 6851K, capacity 7322K, committed 7376K, reserved 1048576K
}
Event: 20.418 GC heap after
{Heap after GC invocations=21 (full 0):
 garbage-first heap   total 95232K, used 46079K [0x0000000080000000, 0x0000000100000000)
  region size 1024K, 2 young (2048K), 2 survivors (2048K)
 Metaspace       used 52681K, capacity 53932K, committed 54224K, reserved 1095680K
  class space    used 6851K, capacity 7322K, committed 7376K, reserved 1048576K
}

